<?xml version="1.0" encoding="UTF-8" ?>
<testsuite tests="64" failures="0" name="com.rockpaperscissors.delegate.RockPaperScissorsDelegateImplTest" time="1.076" errors="0" skipped="0">
  <properties>
    <property name="java.runtime.name" value="Java(TM) SE Runtime Environment"/>
    <property name="java.vm.version" value="11.0.6+8-LTS"/>
    <property name="sun.boot.library.path" value="/usr/lib/jvm/jdk-11.0.6/lib"/>
    <property name="maven.multiModuleProjectDirectory" value="/home/jose/Documents/RockPaperScissor/rockpaperscissors"/>
    <property name="java.vm.vendor" value="Oracle Corporation"/>
    <property name="java.vendor.url" value="http://java.oracle.com/"/>
    <property name="guice.disable.misplaced.annotation.check" value="true"/>
    <property name="path.separator" value=":"/>
    <property name="java.vm.name" value="Java HotSpot(TM) 64-Bit Server VM"/>
    <property name="sun.os.patch.level" value="unknown"/>
    <property name="user.country" value="US"/>
    <property name="sun.java.launcher" value="SUN_STANDARD"/>
    <property name="java.vm.specification.name" value="Java Virtual Machine Specification"/>
    <property name="user.dir" value="/home/jose/Documents/RockPaperScissor/rockpaperscissors"/>
    <property name="java.vm.compressedOopsMode" value="Zero based"/>
    <property name="java.runtime.version" value="11.0.6+8-LTS"/>
    <property name="java.awt.graphicsenv" value="sun.awt.X11GraphicsEnvironment"/>
    <property name="os.arch" value="amd64"/>
    <property name="java.io.tmpdir" value="/tmp"/>
    <property name="line.separator" value="
"/>
    <property name="java.vm.specification.vendor" value="Oracle Corporation"/>
    <property name="os.name" value="Linux"/>
    <property name="classworlds.conf" value="/usr/share/maven/bin/m2.conf"/>
    <property name="sun.jnu.encoding" value="UTF-8"/>
    <property name="java.library.path" value="/usr/java/packages/lib:/usr/lib64:/lib64:/lib:/usr/lib"/>
    <property name="maven.conf" value="/usr/share/maven/conf"/>
    <property name="jdk.debug" value="release"/>
    <property name="java.class.version" value="55.0"/>
    <property name="java.specification.name" value="Java Platform API Specification"/>
    <property name="sun.management.compiler" value="HotSpot 64-Bit Tiered Compilers"/>
    <property name="os.version" value="5.0.0-38-generic"/>
    <property name="library.jansi.path" value="/usr/share/maven/lib/jansi-native"/>
    <property name="user.home" value="/home/jose"/>
    <property name="user.timezone" value="Europe/Madrid"/>
    <property name="java.awt.printerjob" value="sun.print.PSPrinterJob"/>
    <property name="file.encoding" value="UTF-8"/>
    <property name="java.specification.version" value="11"/>
    <property name="user.name" value="jose"/>
    <property name="java.class.path" value="/usr/share/maven/boot/plexus-classworlds-2.x.jar"/>
    <property name="java.vm.specification.version" value="11"/>
    <property name="sun.arch.data.model" value="64"/>
    <property name="sun.java.command" value="org.codehaus.plexus.classworlds.launcher.Launcher clean install"/>
    <property name="java.home" value="/usr/lib/jvm/jdk-11.0.6"/>
    <property name="user.language" value="en"/>
    <property name="java.specification.vendor" value="Oracle Corporation"/>
    <property name="awt.toolkit" value="sun.awt.X11.XToolkit"/>
    <property name="java.vm.info" value="mixed mode"/>
    <property name="java.version" value="11.0.6"/>
    <property name="securerandom.source" value="file:/dev/./urandom"/>
    <property name="java.vendor" value="Oracle Corporation"/>
    <property name="maven.home" value="/usr/share/maven"/>
    <property name="file.separator" value="/"/>
    <property name="java.version.date" value="2020-01-14"/>
    <property name="java.vendor.url.bug" value="http://bugreport.java.com/bugreport/"/>
    <property name="sun.io.unicode.encoding" value="UnicodeLittle"/>
    <property name="sun.cpu.endian" value="little"/>
    <property name="java.vendor.version" value="18.9"/>
    <property name="sun.desktop" value="gnome"/>
    <property name="sun.cpu.isalist" value=""/>
  </properties>
  <testcase classname="com.rockpaperscissors.delegate.RockPaperScissorsDelegateImplTest" name="fullRoundPaperVsPaper" time="0.806"/>
  <testcase classname="com.rockpaperscissors.delegate.RockPaperScissorsDelegateImplTest" name="playGameScissorsVsScissors" time="0.012"/>
  <testcase classname="com.rockpaperscissors.delegate.RockPaperScissorsDelegateImplTest" name="randomWithZeroDotFour" time="0.019"/>
  <testcase classname="com.rockpaperscissors.delegate.RockPaperScissorsDelegateImplTest" name="randomWithZeroDotNine" time="0.006"/>
  <testcase classname="com.rockpaperscissors.delegate.RockPaperScissorsDelegateImplTest" name="getMovementFromMoreThanTwo" time="0.018"/>
  <testcase classname="com.rockpaperscissors.delegate.RockPaperScissorsDelegateImplTest" name="fullRoundRockVsScissors" time="0.01"/>
  <testcase classname="com.rockpaperscissors.delegate.RockPaperScissorsDelegateImplTest" name="fullRoundRockVsRock" time="0.007"/>
  <testcase classname="com.rockpaperscissors.delegate.RockPaperScissorsDelegateImplTest" name="playGamePaperVsPaper" time="0.004"/>
  <testcase classname="com.rockpaperscissors.delegate.RockPaperScissorsDelegateImplTest" name="fullRoundWithNotValidValueAgain" time="0.004"/>
  <testcase classname="com.rockpaperscissors.delegate.RockPaperScissorsDelegateImplTest" name="createPlayerWithScissors" time="0.003"/>
  <testcase classname="com.rockpaperscissors.delegate.RockPaperScissorsDelegateImplTest" name="createPlayerWithNull" time="0.006"/>
  <testcase classname="com.rockpaperscissors.delegate.RockPaperScissorsDelegateImplTest" name="createPlayerWithRock" time="0.004"/>
  <testcase classname="com.rockpaperscissors.delegate.RockPaperScissorsDelegateImplTest" name="fullRoundWithNotValidValue" time="0.002"/>
  <testcase classname="com.rockpaperscissors.delegate.RockPaperScissorsDelegateImplTest" name="testNotValidRequest" time="0.002"/>
  <testcase classname="com.rockpaperscissors.delegate.RockPaperScissorsDelegateImplTest" name="fullRoundEmptyVsEmpty" time="0.005"/>
  <testcase classname="com.rockpaperscissors.delegate.RockPaperScissorsDelegateImplTest" name="randomWithZeroDotEigth" time="0.003"/>
  <testcase classname="com.rockpaperscissors.delegate.RockPaperScissorsDelegateImplTest" name="randomWithZeroDotSeven" time="0.007"/>
  <testcase classname="com.rockpaperscissors.delegate.RockPaperScissorsDelegateImplTest" name="randomWithZeroDotThree" time="0.004"/>
  <testcase classname="com.rockpaperscissors.delegate.RockPaperScissorsDelegateImplTest" name="randomWithZeroDotOne" time="0.002"/>
  <testcase classname="com.rockpaperscissors.delegate.RockPaperScissorsDelegateImplTest" name="randomWithZeroDotSix" time="0.003"/>
  <testcase classname="com.rockpaperscissors.delegate.RockPaperScissorsDelegateImplTest" name="randomWithZeroDotTwo" time="0.003"/>
  <testcase classname="com.rockpaperscissors.delegate.RockPaperScissorsDelegateImplTest" name="getMovementFromZero" time="0.002"/>
  <testcase classname="com.rockpaperscissors.delegate.RockPaperScissorsDelegateImplTest" name="createPlayerWithPaper" time="0.003"/>
  <testcase classname="com.rockpaperscissors.delegate.RockPaperScissorsDelegateImplTest" name="calculateWinnerAlgorithmScissorsVsRock" time="0.006"/>
  <testcase classname="com.rockpaperscissors.delegate.RockPaperScissorsDelegateImplTest" name="randomGivesOne" time="0.003"/>
  <testcase classname="com.rockpaperscissors.delegate.RockPaperScissorsDelegateImplTest" name="randomGivesTwo" time="0.002"/>
  <testcase classname="com.rockpaperscissors.delegate.RockPaperScissorsDelegateImplTest" name="getMovementFromStringError" time="0.002"/>
  <testcase classname="com.rockpaperscissors.delegate.RockPaperScissorsDelegateImplTest" name="getMovementFromStringPaper" time="0.002"/>
  <testcase classname="com.rockpaperscissors.delegate.RockPaperScissorsDelegateImplTest" name="scissorsIsMovement" time="0.003"/>
  <testcase classname="com.rockpaperscissors.delegate.RockPaperScissorsDelegateImplTest" name="paperIsMovement" time="0.003"/>
  <testcase classname="com.rockpaperscissors.delegate.RockPaperScissorsDelegateImplTest" name="createPlayerWithRandom" time="0.002"/>
  <testcase classname="com.rockpaperscissors.delegate.RockPaperScissorsDelegateImplTest" name="getMovementFromOne" time="0.002"/>
  <testcase classname="com.rockpaperscissors.delegate.RockPaperScissorsDelegateImplTest" name="getMovementFromTwo" time="0.003"/>
  <testcase classname="com.rockpaperscissors.delegate.RockPaperScissorsDelegateImplTest" name="playGameScissorsVsRock" time="0.003"/>
  <testcase classname="com.rockpaperscissors.delegate.RockPaperScissorsDelegateImplTest" name="nullIsNotMovement" time="0.003"/>
  <testcase classname="com.rockpaperscissors.delegate.RockPaperScissorsDelegateImplTest" name="getMovementFromStringScissors" time="0.003"/>
  <testcase classname="com.rockpaperscissors.delegate.RockPaperScissorsDelegateImplTest" name="isCorrectReturnsFalse" time="0.003"/>
  <testcase classname="com.rockpaperscissors.delegate.RockPaperScissorsDelegateImplTest" name="calculateWinnerAlgorithmRockVsPaper" time="0.003"/>
  <testcase classname="com.rockpaperscissors.delegate.RockPaperScissorsDelegateImplTest" name="fullRoundScissorsVsScissors" time="0.003"/>
  <testcase classname="com.rockpaperscissors.delegate.RockPaperScissorsDelegateImplTest" name="getMovementFromStringRock" time="0.004"/>
  <testcase classname="com.rockpaperscissors.delegate.RockPaperScissorsDelegateImplTest" name="testNotValidRequestThird" time="0.002"/>
  <testcase classname="com.rockpaperscissors.delegate.RockPaperScissorsDelegateImplTest" name="fullRoundNullVsNull" time="0.003"/>
  <testcase classname="com.rockpaperscissors.delegate.RockPaperScissorsDelegateImplTest" name="fullRoundRockVsPaper" time="0.003"/>
  <testcase classname="com.rockpaperscissors.delegate.RockPaperScissorsDelegateImplTest" name="randomWithZeroDotSixtynine" time="0.002"/>
  <testcase classname="com.rockpaperscissors.delegate.RockPaperScissorsDelegateImplTest" name="playGameRockVsPaper" time="0.003"/>
  <testcase classname="com.rockpaperscissors.delegate.RockPaperScissorsDelegateImplTest" name="calculateWinnerAlgorithmRockVsScissors" time="0.003"/>
  <testcase classname="com.rockpaperscissors.delegate.RockPaperScissorsDelegateImplTest" name="playGameScissorsVsPaper" time="0.003"/>
  <testcase classname="com.rockpaperscissors.delegate.RockPaperScissorsDelegateImplTest" name="isCorrectReturnsTrue" time="0.003"/>
  <testcase classname="com.rockpaperscissors.delegate.RockPaperScissorsDelegateImplTest" name="randomWithZeroDotThirtyone" time="0.002"/>
  <testcase classname="com.rockpaperscissors.delegate.RockPaperScissorsDelegateImplTest" name="calculateWinnerAlgorithmPaperVsRock" time="0.001"/>
  <testcase classname="com.rockpaperscissors.delegate.RockPaperScissorsDelegateImplTest" name="fullRoundScissorsVsPaper" time="0.004"/>
  <testcase classname="com.rockpaperscissors.delegate.RockPaperScissorsDelegateImplTest" name="playGamePaperVsScissors" time="0.003"/>
  <testcase classname="com.rockpaperscissors.delegate.RockPaperScissorsDelegateImplTest" name="playGameRockVsScissors" time="0.003"/>
  <testcase classname="com.rockpaperscissors.delegate.RockPaperScissorsDelegateImplTest" name="fullRoundScissorsVsRock" time="0.003"/>
  <testcase classname="com.rockpaperscissors.delegate.RockPaperScissorsDelegateImplTest" name="calculateWinnerAlgorithmScissorsVsPaper" time="0.003"/>
  <testcase classname="com.rockpaperscissors.delegate.RockPaperScissorsDelegateImplTest" name="fullRoundPaperVsScissors" time="0.003"/>
  <testcase classname="com.rockpaperscissors.delegate.RockPaperScissorsDelegateImplTest" name="fullRoundPaperVsRock" time="0.001"/>
  <testcase classname="com.rockpaperscissors.delegate.RockPaperScissorsDelegateImplTest" name="playGamePaperVsRock" time="0.002"/>
  <testcase classname="com.rockpaperscissors.delegate.RockPaperScissorsDelegateImplTest" name="calculateWinnerAlgorithmPaperVsScissors" time="0.003"/>
  <testcase classname="com.rockpaperscissors.delegate.RockPaperScissorsDelegateImplTest" name="testNotValidRequestFourth" time="0.004"/>
  <testcase classname="com.rockpaperscissors.delegate.RockPaperScissorsDelegateImplTest" name="playGameRockVsRock" time="0.01"/>
  <testcase classname="com.rockpaperscissors.delegate.RockPaperScissorsDelegateImplTest" name="testNotValidRequestSecond" time="0.014"/>
  <testcase classname="com.rockpaperscissors.delegate.RockPaperScissorsDelegateImplTest" name="rockIsMovement" time="0.003"/>
  <testcase classname="com.rockpaperscissors.delegate.RockPaperScissorsDelegateImplTest" name="randomGivesZero" time="0.01"/>
</testsuite>